
Circuit 1 cell sky130_fd_pr__pfet_01v8 and Circuit 2 cell sky130_fd_pr__pfet_01v8 are black boxes.
Equate elements:  no current cell.
Device classes sky130_fd_pr__pfet_01v8 and sky130_fd_pr__pfet_01v8 are equivalent.

Circuit 1 cell sky130_fd_pr__nfet_01v8 and Circuit 2 cell sky130_fd_pr__nfet_01v8 are black boxes.
Equate elements:  no current cell.
Device classes sky130_fd_pr__nfet_01v8 and sky130_fd_pr__nfet_01v8 are equivalent.

Subcircuit summary:
Circuit 1: magic.spice                     |Circuit 2: xschem.spice                    
-------------------------------------------|-------------------------------------------
sky130_fd_pr__pfet_01v8 (4)                |sky130_fd_pr__pfet_01v8 (4)                
sky130_fd_pr__nfet_01v8 (5)                |sky130_fd_pr__nfet_01v8 (5)                
Number of devices: 9                       |Number of devices: 9                       
Number of nets: 10                         |Number of nets: 10                         
---------------------------------------------------------------------------------------
Netlists match uniquely with property errors.
sky130_fd_pr__nfet_01v8:2 vs. sky130_fd_pr__nfet_01v8:M1:
 l circuit1: 0.4   circuit2: 0.15   (delta=90.9%, cutoff=1%)
 w circuit1: 0.8   circuit2: 1   (delta=22.2%, cutoff=1%)
sky130_fd_pr__nfet_01v8:8 vs. sky130_fd_pr__nfet_01v8:M3:
 l circuit1: 0.4   circuit2: 0.15   (delta=90.9%, cutoff=1%)
 w circuit1: 0.8   circuit2: 1   (delta=22.2%, cutoff=1%)
sky130_fd_pr__nfet_01v8:6 vs. sky130_fd_pr__nfet_01v8:M2:
 l circuit1: 0.4   circuit2: 0.15   (delta=90.9%, cutoff=1%)
 w circuit1: 0.8   circuit2: 1   (delta=22.2%, cutoff=1%)
sky130_fd_pr__nfet_01v8:5 vs. sky130_fd_pr__nfet_01v8:M8:
 l circuit1: 0.4   circuit2: 0.15   (delta=90.9%, cutoff=1%)
 w circuit1: 0.6   circuit2: 1   (delta=50%, cutoff=1%)
sky130_fd_pr__nfet_01v8:4 vs. sky130_fd_pr__nfet_01v8:M9:
 l circuit1: 0.6   circuit2: 0.15   (delta=120%, cutoff=1%)
 w circuit1: 3.8   circuit2: 1   (delta=117%, cutoff=1%)
sky130_fd_pr__pfet_01v8:0 vs. sky130_fd_pr__pfet_01v8:M5:
 l circuit1: 0.3   circuit2: 0.15   (delta=66.7%, cutoff=1%)
 w circuit1: 2.1   circuit2: 1   (delta=71%, cutoff=1%)
sky130_fd_pr__pfet_01v8:7 vs. sky130_fd_pr__pfet_01v8:M6:
 l circuit1: 0.5   circuit2: 0.15   (delta=108%, cutoff=1%)
 w circuit1: 0.9   circuit2: 1   (delta=10.5%, cutoff=1%)
sky130_fd_pr__pfet_01v8:3 vs. sky130_fd_pr__pfet_01v8:M7:
 l circuit1: 0.5   circuit2: 0.15   (delta=108%, cutoff=1%)
 w circuit1: 0.9   circuit2: 1   (delta=10.5%, cutoff=1%)
sky130_fd_pr__pfet_01v8:1 vs. sky130_fd_pr__pfet_01v8:M4:
 l circuit1: 0.5   circuit2: 0.15   (delta=108%, cutoff=1%)
 w circuit1: 0.9   circuit2: 1   (delta=10.5%, cutoff=1%)
Cells have no pins;  pin matching not needed.
Device classes magic.spice and xschem.spice are equivalent.

Final result: Circuits match uniquely.
Property errors were found.

The following cells had property errors:
 magic.spice
